<?xml version="1.0" encoding="UTF-8"?>
<!-- Generated by org.testng.reporters.JUnitReportReporter -->
<testsuite skipped="0" hostname="dsr-PC" name="com.github.redis.AppTest" tests="2" failures="0" timestamp="2019-08-26T19:48:34 IST" time="0.025" errors="0">
  <testcase name="testSetKeyAndValue" time="0.023" classname="com.github.redis.AppTest"/>
  <testcase name="testGetValue" time="0.002" classname="com.github.redis.AppTest"/>
</testsuite> <!-- com.github.redis.AppTest -->
